{
  "RSpec": {
    "coverage": {
      "/Users/florencehapgood/Desktop/Pig-Acebook/acebook-rails-the-spartans/spec/controllers/comments_controller_spec.rb": [
        1,
        null,
        1,
        null,
        null
      ],
      "/Users/florencehapgood/Desktop/Pig-Acebook/acebook-rails-the-spartans/spec/rails_helper.rb": [
        null,
        null,
        null,
        1,
        1,
        null,
        1,
        1,
        1,
        1,
        null,
        null,
        null,
        null,
        null,
        null,
        null,
        null,
        null,
        null,
        null,
        null,
        null,
        null,
        null,
        null,
        null,
        null,
        null,
        1,
        null,
        1,
        1,
        null,
        1,
        null,
        null,
        null,
        null,
        1,
        null,
        null,
        null,
        null,
        null,
        null,
        null,
        null,
        null,
        null,
        null,
        null,
        null,
        null,
        1,
        null,
        null,
        1,
        null,
        null,
        null
      ],
      "/Users/florencehapgood/Desktop/Pig-Acebook/acebook-rails-the-spartans/config/environment.rb": [
        null,
        null,
        null,
        1,
        null,
        null,
        1
      ],
      "/Users/florencehapgood/Desktop/Pig-Acebook/acebook-rails-the-spartans/config/application.rb": [
        null,
        null,
        1,
        null,
        1,
        null,
        null,
        null,
        1,
        null,
        1,
        1,
        null,
        1,
        1,
        null,
        null,
        null,
        null,
        null
      ],
      "/Users/florencehapgood/Desktop/Pig-Acebook/acebook-rails-the-spartans/config/boot.rb": [
        1,
        null,
        1
      ],
      "/Users/florencehapgood/Desktop/Pig-Acebook/acebook-rails-the-spartans/config/environments/test.rb": [
        null,
        null,
        1,
        null,
        null,
        null,
        null,
        null,
        null,
        1,
        null,
        null,
        null,
        null,
        1,
        null,
        null,
        1,
        1,
        null,
        null,
        null,
        null,
        1,
        1,
        null,
        null,
        1,
        null,
        null,
        1,
        1,
        null,
        null,
        null,
        null,
        1,
        null,
        null,
        1,
        null,
        null,
        null,
        null
      ],
      "/Users/florencehapgood/Desktop/Pig-Acebook/acebook-rails-the-spartans/config/initializers/application_controller_renderer.rb": [
        null,
        null,
        null,
        null,
        null,
        null,
        null,
        null
      ],
      "/Users/florencehapgood/Desktop/Pig-Acebook/acebook-rails-the-spartans/config/initializers/assets.rb": [
        null,
        null,
        null,
        null,
        null,
        1,
        null,
        null,
        null,
        null,
        1,
        null,
        null,
        null,
        null,
        null
      ],
      "/Users/florencehapgood/Desktop/Pig-Acebook/acebook-rails-the-spartans/config/initializers/backtrace_silencers.rb": [
        null,
        null,
        null,
        null,
        null,
        null,
        null,
        null,
        null
      ],
      "/Users/florencehapgood/Desktop/Pig-Acebook/acebook-rails-the-spartans/config/initializers/cookies_serializer.rb": [
        null,
        null,
        null,
        null,
        null,
        null,
        1
      ],
      "/Users/florencehapgood/Desktop/Pig-Acebook/acebook-rails-the-spartans/config/initializers/devise.rb": [
        null,
        null,
        null,
        null,
        1,
        null,
        null,
        null,
        null,
        null,
        null,
        null,
        null,
        null,
        null,
        null,
        null,
        null,
        null,
        null,
        1,
        null,
        null,
        null,
        null,
        null,
        null,
        null,
        null,
        null,
        null,
        null,
        1,
        null,
        null,
        null,
        null,
        null,
        null,
        null,
        null,
        null,
        1,
        null,
        null,
        null,
        null,
        null,
        null,
        null,
        null,
        null,
        null,
        null,
        1,
        null,
        null,
        null,
        null,
        1,
        null,
        null,
        null,
        null,
        null,
        null,
        null,
        null,
        null,
        null,
        null,
        null,
        null,
        null,
        null,
        null,
        null,
        null,
        null,
        null,
        null,
        null,
        null,
        null,
        null,
        null,
        null,
        null,
        null,
        null,
        1,
        null,
        null,
        null,
        null,
        null,
        null,
        null,
        null,
        null,
        null,
        null,
        null,
        null,
        null,
        null,
        null,
        null,
        null,
        null,
        null,
        null,
        null,
        1,
        null,
        null,
        null,
        null,
        null,
        null,
        null,
        null,
        null,
        null,
        null,
        null,
        null,
        null,
        null,
        null,
        null,
        null,
        null,
        null,
        null,
        null,
        null,
        null,
        null,
        null,
        null,
        null,
        null,
        null,
        1,
        null,
        null,
        null,
        null,
        null,
        null,
        null,
        null,
        null,
        1,
        null,
        null,
        null,
        null,
        null,
        null,
        null,
        null,
        null,
        null,
        1,
        null,
        null,
        null,
        null,
        1,
        null,
        null,
        null,
        null,
        null,
        null,
        null,
        null,
        null,
        null,
        null,
        null,
        null,
        null,
        null,
        null,
        null,
        null,
        null,
        null,
        null,
        null,
        null,
        null,
        null,
        null,
        null,
        null,
        null,
        null,
        null,
        null,
        null,
        null,
        null,
        null,
        null,
        null,
        null,
        null,
        1,
        null,
        null,
        null,
        null,
        null,
        null,
        null,
        null,
        null,
        null,
        null,
        null,
        null,
        null,
        null,
        null,
        null,
        null,
        null,
        null,
        null,
        null,
        null,
        null,
        null,
        null,
        null,
        null,
        null,
        null,
        null,
        null,
        null,
        null,
        null,
        null,
        null,
        null,
        null,
        null,
        null,
        1,
        null,
        null,
        null,
        null,
        null,
        null,
        null,
        null,
        null,
        null,
        null,
        null,
        null,
        null,
        null,
        null,
        null,
        null,
        null,
        null,
        null,
        null,
        null,
        null,
        null,
        null,
        null,
        null,
        null,
        null,
        null,
        null,
        null,
        null,
        null,
        null
      ],
      "/Users/florencehapgood/Desktop/Pig-Acebook/acebook-rails-the-spartans/config/initializers/filter_parameter_logging.rb": [
        null,
        null,
        null,
        null,
        null,
        1
      ],
      "/Users/florencehapgood/Desktop/Pig-Acebook/acebook-rails-the-spartans/config/initializers/inflections.rb": [
        null,
        null,
        null,
        null,
        null,
        null,
        null,
        null,
        null,
        null,
        null,
        null,
        null,
        null,
        null,
        null,
        null,
        null
      ],
      "/Users/florencehapgood/Desktop/Pig-Acebook/acebook-rails-the-spartans/config/initializers/mime_types.rb": [
        null,
        null,
        null,
        null,
        null,
        null
      ],
      "/Users/florencehapgood/Desktop/Pig-Acebook/acebook-rails-the-spartans/config/initializers/wrap_parameters.rb": [
        null,
        null,
        null,
        null,
        null,
        null,
        null,
        null,
        1,
        2,
        null,
        null,
        null,
        null,
        null,
        null
      ],
      "/Users/florencehapgood/Desktop/Pig-Acebook/acebook-rails-the-spartans/config/routes.rb": [
        null,
        null,
        1,
        1,
        null,
        null,
        1,
        null,
        1,
        null,
        null,
        1,
        1,
        null,
        null
      ],
      "/Users/florencehapgood/Desktop/Pig-Acebook/acebook-rails-the-spartans/app/models/user.rb": [
        null,
        null,
        1,
        1,
        null,
        null,
        1,
        null,
        null,
        null,
        null,
        null,
        null,
        null,
        null
      ],
      "/Users/florencehapgood/Desktop/Pig-Acebook/acebook-rails-the-spartans/app/models/application_record.rb": [
        null,
        null,
        1,
        1,
        null
      ],
      "/Users/florencehapgood/Desktop/Pig-Acebook/acebook-rails-the-spartans/app/helpers/application_helper.rb": [
        1,
        null
      ],
      "/Users/florencehapgood/Desktop/Pig-Acebook/acebook-rails-the-spartans/app/helpers/comments_helper.rb": [
        1,
        null
      ],
      "/Users/florencehapgood/Desktop/Pig-Acebook/acebook-rails-the-spartans/app/controllers/comments_controller.rb": [
        1,
        1,
        0,
        0,
        0,
        null,
        null,
        1,
        1,
        0,
        null,
        null
      ],
      "/Users/florencehapgood/Desktop/Pig-Acebook/acebook-rails-the-spartans/app/controllers/application_controller.rb": [
        1,
        1,
        null,
        1,
        null,
        null,
        null,
        1,
        null,
        null,
        null,
        null,
        null,
        null,
        null
      ],
      "/Users/florencehapgood/Desktop/Pig-Acebook/acebook-rails-the-spartans/spec/controllers/posts_controller_spec.rb": [
        null,
        null,
        1,
        null,
        1,
        1,
        4,
        4,
        4,
        null,
        null,
        1,
        1,
        1,
        1,
        null,
        null,
        null,
        1,
        1,
        1,
        null,
        null,
        1,
        1,
        null,
        null,
        1,
        1,
        null,
        null,
        1,
        1,
        null,
        null,
        null,
        1,
        1,
        1,
        1,
        null,
        null,
        null
      ],
      "/Users/florencehapgood/Desktop/Pig-Acebook/acebook-rails-the-spartans/app/controllers/posts_controller.rb": [
        1,
        1,
        13,
        null,
        null,
        1,
        14,
        14,
        null,
        null,
        1,
        31,
        null,
        null,
        1,
        1,
        null,
        null,
        null,
        1,
        2,
        2,
        2,
        null,
        null,
        1,
        2,
        null,
        null,
        1,
        2,
        2,
        2,
        null,
        null,
        null,
        1,
        null,
        1,
        16,
        null,
        null
      ],
      "/Users/florencehapgood/Desktop/Pig-Acebook/acebook-rails-the-spartans/spec/features/user_can_add_comments_spec.rb": [
        1,
        1,
        1,
        null,
        1,
        1,
        1,
        1,
        1,
        1,
        0,
        0,
        null,
        null
      ],
      "/Users/florencehapgood/Desktop/Pig-Acebook/acebook-rails-the-spartans/spec/web_helper.rb": [
        null,
        null,
        1,
        12,
        12,
        12,
        12,
        12,
        null,
        null,
        1,
        0,
        0,
        0,
        0,
        0,
        null,
        null,
        1,
        11,
        11,
        11,
        null,
        null,
        1,
        2,
        2,
        null,
        1,
        2,
        2,
        2,
        2,
        2,
        null
      ],
      "/Users/florencehapgood/Desktop/Pig-Acebook/acebook-rails-the-spartans/spec/features/user_can_delete_posts_spec.rb": [
        null,
        null,
        1,
        1,
        1,
        null,
        1,
        1,
        1,
        1,
        1,
        1,
        null,
        null,
        1,
        1,
        1,
        1,
        1,
        2,
        null,
        null,
        1,
        1,
        1,
        1,
        1,
        null,
        null
      ],
      "/Users/florencehapgood/Desktop/Pig-Acebook/acebook-rails-the-spartans/spec/features/user_can_edit_posts_spec.rb": [
        1,
        1,
        1,
        null,
        1,
        null,
        1,
        1,
        1,
        1,
        1,
        1,
        1,
        1,
        1,
        null,
        null,
        1,
        1,
        1,
        1,
        1,
        1,
        1,
        1,
        1,
        null,
        null,
        1,
        1,
        1,
        1,
        1,
        1,
        1,
        1,
        1,
        1,
        1,
        1,
        1,
        null,
        null
      ],
      "/Users/florencehapgood/Desktop/Pig-Acebook/acebook-rails-the-spartans/spec/features/user_can_submit_posts_spec.rb": [
        null,
        null,
        1,
        1,
        1,
        null,
        1,
        1,
        1,
        1,
        null,
        null,
        1,
        1,
        1,
        1,
        null,
        null,
        1,
        1,
        1,
        1,
        null,
        null,
        1,
        1,
        1,
        1,
        1,
        1,
        1,
        null,
        null,
        1,
        1,
        1,
        1,
        null,
        null
      ],
      "/Users/florencehapgood/Desktop/Pig-Acebook/acebook-rails-the-spartans/spec/helpers/comments_helper_spec.rb": [
        1,
        null,
        null,
        null,
        null,
        null,
        null,
        null,
        null,
        null,
        null,
        null,
        1,
        1,
        null
      ],
      "/Users/florencehapgood/Desktop/Pig-Acebook/acebook-rails-the-spartans/spec/models/comment_spec.rb": [
        1,
        null,
        1,
        1,
        null
      ],
      "/Users/florencehapgood/Desktop/Pig-Acebook/acebook-rails-the-spartans/app/models/comment.rb": [
        1,
        1,
        1,
        null,
        null
      ],
      "/Users/florencehapgood/Desktop/Pig-Acebook/acebook-rails-the-spartans/spec/models/post_spec.rb": [
        null,
        null,
        1,
        null,
        1,
        null
      ],
      "/Users/florencehapgood/Desktop/Pig-Acebook/acebook-rails-the-spartans/app/models/post.rb": [
        null,
        null,
        1,
        1,
        1,
        null,
        1,
        0,
        null,
        null,
        1,
        17,
        0,
        0,
        null,
        17,
        17,
        null,
        null,
        null,
        null
      ],
      "/Users/florencehapgood/Desktop/Pig-Acebook/acebook-rails-the-spartans/spec/models/user_spec.rb": [
        null,
        null,
        1,
        null,
        1,
        1,
        null
      ]
    },
    "timestamp": 1539431100
  }
}
